<?xml version="1.0" encoding="utf-8"?><testsuites name="pytest tests"><testsuite name="pytest" errors="0" failures="0" skipped="0" tests="10" time="1.725" timestamp="2026-04-23T17:01:41.614159+00:00" hostname="agent-env-97fa91de-fbb5-4afa-b87a-6656ce8fc9cf"><testcase classname="backend.tests.backend_test.TestHealth" name="test_root" time="0.312" /><testcase classname="backend.tests.backend_test.TestProducts" name="test_list_products_structure" time="0.427" /><testcase classname="backend.tests.backend_test.TestProducts" name="test_featured_count" time="0.051" /><testcase classname="backend.tests.backend_test.TestProducts" name="test_media_urls_min_four" time="0.052" /><testcase classname="backend.tests.backend_test.TestProducts" name="test_get_single_product" time="0.102" /><testcase classname="backend.tests.backend_test.TestProducts" name="test_get_single_product_404" time="0.064" /><testcase classname="backend.tests.backend_test.TestLikes" name="test_like_increments" time="0.214" /><testcase classname="backend.tests.backend_test.TestLikes" name="test_like_invalid_404" time="0.056" /><testcase classname="backend.tests.backend_test.TestCategories" name="test_categories_unique" time="0.051" /><testcase classname="backend.tests.backend_test.TestRefresh" name="test_refresh_clears_cache" time="0.325" /></testsuite></testsuites>